<?xml version="1.0" encoding="UTF-8"?>
<!-- Generated by org.testng.reporters.JUnitReportReporter -->
<testsuite skipped="0" hostname="PengJunlin" name="com.boonya.app.test.FirstTest" tests="6" failures="0" timestamp="18 八月 2017 10:36:23 GMT" time="6.020" errors="0">
  <testcase name="e" time="1.003" classname="com.boonya.app.test.FirstTest"/>
  <testcase name="b" time="1.003" classname="com.boonya.app.test.FirstTest"/>
  <testcase name="d" time="1.003" classname="com.boonya.app.test.FirstTest"/>
  <testcase name="f" time="1.003" classname="com.boonya.app.test.FirstTest"/>
  <testcase name="a" time="1.006" classname="com.boonya.app.test.FirstTest"/>
  <testcase name="c" time="1.002" classname="com.boonya.app.test.FirstTest"/>
</testsuite> <!-- com.boonya.app.test.FirstTest -->
