<?xml version="1.0" encoding="UTF-8"?>
<!-- Generated by org.testng.reporters.JUnitReportReporter -->
<testsuite skipped="0" hostname="PengJunlin" name="com.boonya.app.test.WindowsSeleniumTest" tests="1" failures="0" timestamp="20 八月 2017 11:35:54 GMT" time="11.629" errors="0">
  <testcase name="firefox" time="11.629" classname="com.boonya.app.test.WindowsSeleniumTest"/>
</testsuite> <!-- com.boonya.app.test.WindowsSeleniumTest -->
